<?xml version="1.0" encoding="UTF-8"?>
<testng-results ignored="0" total="1" passed="1" failed="0" skipped="0">
  <reporter-output>
  </reporter-output>
  <suite started-at="2022-04-23T11:15:00 IST" name="Suite" finished-at="2022-04-23T11:15:00 IST" duration-ms="27">
    <groups>
    </groups>
    <test started-at="2022-04-23T11:15:00 IST" name="Test" finished-at="2022-04-23T11:15:00 IST" duration-ms="27">
      <class name="Dependency_Injection.DependencyInjection">
        <test-method signature="maven_profile_test()[pri:0, instance:Dependency_Injection.DependencyInjection@4fe767f3]" started-at="2022-04-23T11:15:00 IST" name="maven_profile_test" finished-at="2022-04-23T11:15:00 IST" duration-ms="3" status="PASS">
          <reporter-output>
          </reporter-output>
        </test-method> <!-- maven_profile_test -->
      </class> <!-- Dependency_Injection.DependencyInjection -->
    </test> <!-- Test -->
  </suite> <!-- Suite -->
</testng-results>
